WARNING:django.request:Not Found: /favicon.ico
WARNING:django.request:Not Found: /api/get/all/data/
WARNING:django.request:Not Found: /api/get/user/bank-accounts/
WARNING:django.request:Not Found: /api/get/all/data/
WARNING:django.request:Not Found: /api/get/all/data/
WARNING:django.request:Not Found: /api/get/all/data/
WARNING:django.request:Not Found: /favicon.ico
INFO:root:[2024-09-18 14:21:46.828461 :: 127.0.0.1] Login Successful for user: prassamin@gmail.com with Email
INFO:django.utils.autoreload:/media/prassamin/Workspace/Git/Expense-Management-System/api/models.py changed, reloading.
WARNING:django.request:Bad Request: /api/pay/credit/
INFO:django.utils.autoreload:/media/prassamin/Workspace/Git/Expense-Management-System/api/views.py changed, reloading.
INFO:django.utils.autoreload:/media/prassamin/Workspace/Git/Expense-Management-System/api/views.py changed, reloading.
INFO:django.utils.autoreload:/media/prassamin/Workspace/Git/Expense-Management-System/api/views.py changed, reloading.
INFO:django.utils.autoreload:/media/prassamin/Workspace/Git/Expense-Management-System/api/views.py changed, reloading.
INFO:django.utils.autoreload:/media/prassamin/Workspace/Git/Expense-Management-System/api/views.py changed, reloading.
INFO:django.utils.autoreload:/media/prassamin/Workspace/Git/Expense-Management-System/api/views.py changed, reloading.
INFO:django.utils.autoreload:/media/prassamin/Workspace/Git/Expense-Management-System/api/views.py changed, reloading.
INFO:django.utils.autoreload:/media/prassamin/Workspace/Git/Expense-Management-System/api/views.py changed, reloading.
INFO:django.utils.autoreload:/media/prassamin/Workspace/Git/Expense-Management-System/api/views.py changed, reloading.
INFO:django.utils.autoreload:/media/prassamin/Workspace/Git/Expense-Management-System/api/models.py changed, reloading.
INFO:django.utils.autoreload:/media/prassamin/Workspace/Git/Expense-Management-System/api/models.py changed, reloading.
INFO:django.utils.autoreload:/media/prassamin/Workspace/Git/Expense-Management-System/api/models.py changed, reloading.
INFO:django.utils.autoreload:/media/prassamin/Workspace/Git/Expense-Management-System/api/models.py changed, reloading.
INFO:django.utils.autoreload:/media/prassamin/Workspace/Git/Expense-Management-System/api/models.py changed, reloading.
INFO:django.utils.autoreload:/media/prassamin/Workspace/Git/Expense-Management-System/api/views.py changed, reloading.
INFO:django.utils.autoreload:/media/prassamin/Workspace/Git/Expense-Management-System/api/views.py changed, reloading.
INFO:django.utils.autoreload:/media/prassamin/Workspace/Git/Expense-Management-System/api/views.py changed, reloading.
INFO:django.utils.autoreload:/media/prassamin/Workspace/Git/Expense-Management-System/api/views.py changed, reloading.
INFO:django.utils.autoreload:/media/prassamin/Workspace/Git/Expense-Management-System/api/views.py changed, reloading.
INFO:django.utils.autoreload:/media/prassamin/Workspace/Git/Expense-Management-System/api/views.py changed, reloading.
INFO:django.utils.autoreload:/media/prassamin/Workspace/Git/Expense-Management-System/api/views.py changed, reloading.
INFO:django.utils.autoreload:/media/prassamin/Workspace/Git/Expense-Management-System/api/views.py changed, reloading.
INFO:django.utils.autoreload:/media/prassamin/Workspace/Git/Expense-Management-System/api/views.py changed, reloading.
INFO:django.utils.autoreload:/media/prassamin/Workspace/Git/Expense-Management-System/api/views.py changed, reloading.
INFO:django.utils.autoreload:/media/prassamin/Workspace/Git/Expense-Management-System/api/views.py changed, reloading.
INFO:django.utils.autoreload:/media/prassamin/Workspace/Git/Expense-Management-System/api/views.py changed, reloading.
INFO:django.utils.autoreload:/media/prassamin/Workspace/Git/Expense-Management-System/api/views.py changed, reloading.
INFO:django.utils.autoreload:/media/prassamin/Workspace/Git/Expense-Management-System/api/views.py changed, reloading.
INFO:django.utils.autoreload:/media/prassamin/Workspace/Git/Expense-Management-System/api/views.py changed, reloading.
INFO:django.utils.autoreload:/media/prassamin/Workspace/Git/Expense-Management-System/api/views.py changed, reloading.
INFO:django.utils.autoreload:/media/prassamin/Workspace/Git/Expense-Management-System/api/views.py changed, reloading.
INFO:django.utils.autoreload:/media/prassamin/Workspace/Git/Expense-Management-System/api/views.py changed, reloading.
INFO:django.utils.autoreload:/media/prassamin/Workspace/Git/Expense-Management-System/api/views.py changed, reloading.
INFO:django.utils.autoreload:/media/prassamin/Workspace/Git/Expense-Management-System/api/views.py changed, reloading.
INFO:django.utils.autoreload:/media/prassamin/Workspace/Git/Expense-Management-System/api/views.py changed, reloading.
INFO:django.utils.autoreload:/media/prassamin/Workspace/Git/Expense-Management-System/api/views.py changed, reloading.
WARNING:django.request:Not Found: /favicon.ico
WARNING:django.request:Not Found: /favicon.ico
WARNING:django.request:Not Found: /favicon.ico
WARNING:django.request:Not Found: /favicon.ico
WARNING:django.request:Not Found: /favicon.ico
WARNING:django.request:Not Found: /favicon.ico
WARNING:django.request:Not Found: /favicon.ico
WARNING:django.request:Not Found: /favicon.ico
WARNING:django.request:Not Found: /api/pay/credit/
WARNING:django.request:Not Found: /api/pay/credit/
INFO:django.utils.autoreload:/media/prassamin/Workspace/Git/Expense-Management-System/api/views.py changed, reloading.
ERROR:django.request:Internal Server Error: /api/pay/credit/
Traceback (most recent call last):
  File "/media/prassamin/Workspace/Git/Expense-Management-System/venv/lib/python3.12/site-packages/django/core/handlers/exception.py", line 55, in inner
    response = get_response(request)
               ^^^^^^^^^^^^^^^^^^^^^
  File "/media/prassamin/Workspace/Git/Expense-Management-System/venv/lib/python3.12/site-packages/django/core/handlers/base.py", line 197, in _get_response
    response = wrapped_callback(request, *callback_args, **callback_kwargs)
               ^^^^^^^^^^^^^^^^^^^^^^^^^^^^^^^^^^^^^^^^^^^^^^^^^^^^^^^^^^^^
  File "/media/prassamin/Workspace/Git/Expense-Management-System/venv/lib/python3.12/site-packages/django/views/decorators/http.py", line 64, in inner
    return func(request, *args, **kwargs)
           ^^^^^^^^^^^^^^^^^^^^^^^^^^^^^^
  File "/media/prassamin/Workspace/Git/Expense-Management-System/venv/lib/python3.12/site-packages/django/views/decorators/csrf.py", line 65, in _view_wrapper
    return view_func(request, *args, **kwargs)
           ^^^^^^^^^^^^^^^^^^^^^^^^^^^^^^^^^^^
  File "/media/prassamin/Workspace/Git/Expense-Management-System/api/views.py", line 841, in PayCredit
    if from_account.balance < amount:
       ^^^^^^^^^^^^^^^^^^^^^^^^^^^^^
TypeError: '<' not supported between instances of 'Balance' and 'decimal.Decimal'
INFO:django.utils.autoreload:/media/prassamin/Workspace/Git/Expense-Management-System/api/views.py changed, reloading.
INFO:django.utils.autoreload:/media/prassamin/Workspace/Git/Expense-Management-System/api/views.py changed, reloading.
INFO:django.utils.autoreload:/media/prassamin/Workspace/Git/Expense-Management-System/api/views.py changed, reloading.
INFO:django.utils.autoreload:/media/prassamin/Workspace/Git/Expense-Management-System/api/views.py changed, reloading.
WARNING:django.request:Bad Request: /api/pay/credit/
WARNING:django.request:Bad Request: /api/pay/credit/
INFO:django.utils.autoreload:/media/prassamin/Workspace/Git/Expense-Management-System/api/views.py changed, reloading.
INFO:django.utils.autoreload:/media/prassamin/Workspace/Git/Expense-Management-System/api/views.py changed, reloading.
INFO:django.utils.autoreload:/media/prassamin/Workspace/Git/Expense-Management-System/api/views.py changed, reloading.
INFO:django.utils.autoreload:/media/prassamin/Workspace/Git/Expense-Management-System/api/views.py changed, reloading.
INFO:django.utils.autoreload:/media/prassamin/Workspace/Git/Expense-Management-System/api/views.py changed, reloading.
INFO:django.utils.autoreload:/media/prassamin/Workspace/Git/Expense-Management-System/api/views.py changed, reloading.
INFO:django.utils.autoreload:/media/prassamin/Workspace/Git/Expense-Management-System/api/views.py changed, reloading.
INFO:django.utils.autoreload:/media/prassamin/Workspace/Git/Expense-Management-System/api/views.py changed, reloading.
INFO:django.utils.autoreload:/media/prassamin/Workspace/Git/Expense-Management-System/api/views.py changed, reloading.
INFO:django.utils.autoreload:/media/prassamin/Workspace/Git/Expense-Management-System/api/views.py changed, reloading.
INFO:django.utils.autoreload:/media/prassamin/Workspace/Git/Expense-Management-System/api/views.py changed, reloading.
WARNING:django.request:Not Found: /favicon.ico
WARNING:django.request:Not Found: /favicon.ico
INFO:django.utils.autoreload:/media/prassamin/Workspace/Git/Expense-Management-System/api/views.py changed, reloading.
INFO:django.utils.autoreload:/media/prassamin/Workspace/Git/Expense-Management-System/api/views.py changed, reloading.
INFO:django.utils.autoreload:/media/prassamin/Workspace/Git/Expense-Management-System/api/views.py changed, reloading.
WARNING:django.request:Not Found: /favicon.ico
WARNING:django.request:Not Found: /favicon.ico
INFO:django.utils.autoreload:/media/prassamin/Workspace/Git/Expense-Management-System/api/views.py changed, reloading.
INFO:django.utils.autoreload:/media/prassamin/Workspace/Git/Expense-Management-System/api/views.py changed, reloading.
WARNING:django.request:Not Found: /favicon.ico
WARNING:django.request:Not Found: /favicon.ico
WARNING:django.request:Not Found: /favicon.ico
WARNING:django.request:Not Found: /favicon.ico
WARNING:django.request:Not Found: /favicon.ico
WARNING:django.request:Not Found: /favicon.ico
WARNING:django.request:Not Found: /favicon.ico
WARNING:django.request:Not Found: /favicon.ico
WARNING:django.request:Bad Request: /api/pay/credit/
WARNING:django.request:Bad Request: /api/pay/credit/
WARNING:django.request:Bad Request: /api/pay/credit/
